<?xml version="1.0" encoding="UTF-8"?>
<testsuite xmlns:xsi="http://www.w3.org/2001/XMLSchema-instance" xsi:noNamespaceSchemaLocation="https://maven.apache.org/surefire/maven-surefire-plugin/xsd/surefire-test-report.xsd" version="3.0.2" name="TestSuite" time="53.786" tests="11" errors="0" skipped="0" failures="6">
  <properties>
[...]
</properties>
  <testcase name="testAttributesCreate" classname="Tests" time="2.214">
    <system-out><![CDATA[Атрибут создан!
]]></system-out>
    <system-err><![CDATA[SLF4J(W): No SLF4J providers were found.
SLF4J(W): Defaulting to no-operation (NOP) logger implementation
SLF4J(W): See https://www.slf4j.org/codes.html#noProviders for further details.
]]></system-err>
  </testcase>
  <testcase name="testAttributesDelete" classname="Tests" time="0.689"/>
  <testcase name="testAttributesEdit" classname="Tests" time="1.934"/>
  <testcase name="testFilter" classname="Tests" time="16.227">
    <system-out><![CDATA[Поиск проверен
]]></system-out>
  </testcase>
  <testcase name="testFilterCreate" classname="Tests" time="5.563">
    <failure message="Element not found {By.xpath: //div/label[normalize-space(text())=&apos;Фильтр удален&apos;]}&#10;Expected: visible&#10;Screenshot: file:/C:/Users/sadouski/Documents/IdeaProjects/AqaPhobos/build/reports/tests/1721251325756.6.png&#10;Page source: file:/C:/Users/sadouski/Documents/IdeaProjects/AqaPhobos/build/reports/tests/1721251325756.6.html&#10;Timeout: 5 s.&#10;Caused by: NoSuchElementException: no such element: Unable to locate element: {&quot;method&quot;:&quot;xpath&quot;,&quot;selector&quot;:&quot;//div/label[normalize-space(text())=&apos;Фильтр удален&apos;]&quot;}" type="Element not found {By.xpath"><![CDATA[Element not found {By.xpath: //div/label[normalize-space(text())='Фильтр удален']}
Expected: visible
Screenshot: file:/C:/Users/sadouski/Documents/IdeaProjects/AqaPhobos/build/reports/tests/1721251325756.6.png
Page source: file:/C:/Users/sadouski/Documents/IdeaProjects/AqaPhobos/build/reports/tests/1721251325756.6.html
Timeout: 5 s.
Caused by: NoSuchElementException: no such element: Unable to locate element: {"method":"xpath","selector":"//div/label[normalize-space(text())='Фильтр удален']"}
	at com.codeborne.selenide.impl.WebElementSource.createElementNotFoundError(WebElementSource.java:90)
	at com.codeborne.selenide.impl.ElementFinder.createElementNotFoundError(ElementFinder.java:142)
	at com.codeborne.selenide.impl.WebElementSource.handleError(WebElementSource.java:142)
	at com.codeborne.selenide.impl.WebElementSource.checkConditionAndReturnElement(WebElementSource.java:126)
	at com.codeborne.selenide.impl.WebElementSource.checkCondition(WebElementSource.java:103)
	at com.codeborne.selenide.commands.Should.execute(Should.java:30)
	at com.codeborne.selenide.commands.Should.execute(Should.java:14)
	at com.codeborne.selenide.commands.Commands.execute(Commands.java:162)
	at com.codeborne.selenide.impl.SelenideElementProxy.dispatchAndRetry(SelenideElementProxy.java:134)
	at com.codeborne.selenide.impl.SelenideElementProxy.invoke(SelenideElementProxy.java:86)
	at jdk.proxy2/jdk.proxy2.$Proxy10.shouldBe(Unknown Source)
	at FiltersTab.deleteProcess(FiltersTab.java:171)
	at FiltersTab.deleteFilter(FiltersTab.java:121)
	at FiltersTab.createFilter(FiltersTab.java:63)
	at Tests.testFilterCreate(Tests.java:66)
	at java.base/jdk.internal.reflect.DirectMethodHandleAccessor.invoke(DirectMethodHandleAccessor.java:103)
	at java.base/java.lang.reflect.Method.invoke(Method.java:580)
	at org.testng.internal.invokers.MethodInvocationHelper.invokeMethod(MethodInvocationHelper.java:141)
	at org.testng.internal.invokers.TestInvoker.invokeMethod(TestInvoker.java:686)
	at org.testng.internal.invokers.TestInvoker.invokeTestMethod(TestInvoker.java:230)
	at org.testng.internal.invokers.MethodRunner.runInSequence(MethodRunner.java:63)
	at org.testng.internal.invokers.TestInvoker$MethodInvocationAgent.invoke(TestInvoker.java:992)
	at org.testng.internal.invokers.TestInvoker.invokeTestMethods(TestInvoker.java:203)
	at org.testng.internal.invokers.TestMethodWorker.invokeTestMethods(TestMethodWorker.java:154)
	at org.testng.internal.invokers.TestMethodWorker.run(TestMethodWorker.java:134)
	at java.base/java.util.ArrayList.forEach(ArrayList.java:1596)
	at org.testng.TestRunner.privateRun(TestRunner.java:739)
	at org.testng.TestRunner.run(TestRunner.java:614)
	at org.testng.SuiteRunner.runTest(SuiteRunner.java:421)
	at org.testng.SuiteRunner.runSequentially(SuiteRunner.java:413)
	at org.testng.SuiteRunner.privateRun(SuiteRunner.java:373)
	at org.testng.SuiteRunner.run(SuiteRunner.java:312)
	at org.testng.SuiteRunnerWorker.runSuite(SuiteRunnerWorker.java:52)
	at org.testng.SuiteRunnerWorker.run(SuiteRunnerWorker.java:95)
	at org.testng.TestNG.runSuitesSequentially(TestNG.java:1274)
	at org.testng.TestNG.runSuitesLocally(TestNG.java:1208)
	at org.testng.TestNG.runSuites(TestNG.java:1112)
	at org.testng.TestNG.run(TestNG.java:1079)
	at org.apache.maven.surefire.testng.TestNGExecutor.run(TestNGExecutor.java:308)
	at org.apache.maven.surefire.testng.TestNGXmlTestSuite.execute(TestNGXmlTestSuite.java:71)
	at org.apache.maven.surefire.testng.TestNGProvider.invoke(TestNGProvider.java:113)
	at org.apache.maven.surefire.booter.ForkedBooter.runSuitesInProcess(ForkedBooter.java:385)
	at org.apache.maven.surefire.booter.ForkedBooter.execute(ForkedBooter.java:162)
	at org.apache.maven.surefire.booter.ForkedBooter.run(ForkedBooter.java:507)
	at org.apache.maven.surefire.booter.ForkedBooter.main(ForkedBooter.java:495)
Caused by: org.openqa.selenium.NoSuchElementException: no such element: Unable to locate element: {"method":"xpath","selector":"//div/label[normalize-space(text())='Фильтр удален']"}
  (Session info: chrome=126.0.6478.127)
For documentation on this error, please visit: https://www.selenium.dev/documentation/webdriver/troubleshooting/errors#no-such-element-exception
Build info: version: '4.22.0', revision: 'c5f3146703*'
System info: os.name: 'Windows 11', os.arch: 'amd64', os.version: '10.0', java.version: '21.0.4'
Driver info: org.openqa.selenium.chrome.ChromeDriver
Command: [9a05e69758f50e0d8dc0099250add30a, findElement {value=//div/label[normalize-space(text())='Фильтр удален'], using=xpath}]
Capabilities {acceptInsecureCerts: true, browserName: chrome, browserVersion: 126.0.6478.127, chrome: {chromedriverVersion: 126.0.6478.182 (5b5d8292ddf..., userDataDir: C:\Users\sadouski\AppData\L...}, fedcm:accounts: true, goog:chromeOptions: {debuggerAddress: localhost:57599}, networkConnectionEnabled: false, pageLoadStrategy: normal, platformName: windows, proxy: Proxy(), se:cdp: ws://localhost:57599/devtoo..., se:cdpVersion: 126.0.6478.127, setWindowRect: true, strictFileInteractability: false, timeouts: {implicit: 0, pageLoad: 300000, script: 30000}, unhandledPromptBehavior: accept, webauthn:extension:credBlob: true, webauthn:extension:largeBlob: true, webauthn:extension:minPinLength: true, webauthn:extension:prf: true, webauthn:virtualAuthenticators: true}
Session ID: 9a05e69758f50e0d8dc0099250add30a
	at java.base/jdk.internal.reflect.DirectConstructorHandleAccessor.newInstance(DirectConstructorHandleAccessor.java:62)
	at java.base/java.lang.reflect.Constructor.newInstanceWithCaller(Constructor.java:502)
	at java.base/java.lang.reflect.Constructor.newInstance(Constructor.java:486)
	at org.openqa.selenium.remote.ErrorCodec.decode(ErrorCodec.java:167)
	at org.openqa.selenium.remote.codec.w3c.W3CHttpResponseCodec.decode(W3CHttpResponseCodec.java:138)
	at org.openqa.selenium.remote.codec.w3c.W3CHttpResponseCodec.decode(W3CHttpResponseCodec.java:50)
	at org.openqa.selenium.remote.HttpCommandExecutor.execute(HttpCommandExecutor.java:190)
	at org.openqa.selenium.remote.service.DriverCommandExecutor.invokeExecute(DriverCommandExecutor.java:216)
	at org.openqa.selenium.remote.service.DriverCommandExecutor.execute(DriverCommandExecutor.java:174)
	at org.openqa.selenium.remote.RemoteWebDriver.execute(RemoteWebDriver.java:518)
	at org.openqa.selenium.remote.ElementLocation$ElementFinder$2.findElement(ElementLocation.java:165)
	at org.openqa.selenium.remote.ElementLocation.findElement(ElementLocation.java:59)
	at org.openqa.selenium.remote.RemoteWebDriver.findElement(RemoteWebDriver.java:355)
	at org.openqa.selenium.remote.RemoteWebDriver.findElement(RemoteWebDriver.java:349)
	at com.codeborne.selenide.impl.WebElementSelector.findElement(WebElementSelector.java:73)
	at com.codeborne.selenide.impl.WebElementSelector.findElement(WebElementSelector.java:46)
	at com.codeborne.selenide.impl.WebElementSelector.findElement(WebElementSelector.java:35)
	at com.codeborne.selenide.impl.ElementFinder.getWebElement(ElementFinder.java:122)
	at com.codeborne.selenide.impl.WebElementSource.checkConditionAndReturnElement(WebElementSource.java:115)
	... 41 more
]]></failure>
  </testcase>
  <testcase name="testFilterDelete" classname="Tests" time="5.261">
    <failure message="Element not found {By.xpath: //div/label[normalize-space(text())=&apos;Фильтр удален&apos;]}&#10;Expected: visible&#10;Screenshot: file:/C:/Users/sadouski/Documents/IdeaProjects/AqaPhobos/build/reports/tests/1721251330996.7.png&#10;Page source: file:/C:/Users/sadouski/Documents/IdeaProjects/AqaPhobos/build/reports/tests/1721251330996.7.html&#10;Timeout: 5 s.&#10;Caused by: NoSuchElementException: no such element: Unable to locate element: {&quot;method&quot;:&quot;xpath&quot;,&quot;selector&quot;:&quot;//div/label[normalize-space(text())=&apos;Фильтр удален&apos;]&quot;}" type="Element not found {By.xpath"><![CDATA[Element not found {By.xpath: //div/label[normalize-space(text())='Фильтр удален']}
Expected: visible
Screenshot: file:/C:/Users/sadouski/Documents/IdeaProjects/AqaPhobos/build/reports/tests/1721251330996.7.png
Page source: file:/C:/Users/sadouski/Documents/IdeaProjects/AqaPhobos/build/reports/tests/1721251330996.7.html
Timeout: 5 s.
Caused by: NoSuchElementException: no such element: Unable to locate element: {"method":"xpath","selector":"//div/label[normalize-space(text())='Фильтр удален']"}
	at com.codeborne.selenide.impl.WebElementSource.createElementNotFoundError(WebElementSource.java:90)
	at com.codeborne.selenide.impl.ElementFinder.createElementNotFoundError(ElementFinder.java:142)
	at com.codeborne.selenide.impl.WebElementSource.handleError(WebElementSource.java:142)
	at com.codeborne.selenide.impl.WebElementSource.checkConditionAndReturnElement(WebElementSource.java:126)
	at com.codeborne.selenide.impl.WebElementSource.checkCondition(WebElementSource.java:103)
	at com.codeborne.selenide.commands.Should.execute(Should.java:30)
	at com.codeborne.selenide.commands.Should.execute(Should.java:14)
	at com.codeborne.selenide.commands.Commands.execute(Commands.java:162)
	at com.codeborne.selenide.impl.SelenideElementProxy.dispatchAndRetry(SelenideElementProxy.java:134)
	at com.codeborne.selenide.impl.SelenideElementProxy.invoke(SelenideElementProxy.java:86)
	at jdk.proxy2/jdk.proxy2.$Proxy10.shouldBe(Unknown Source)
	at FiltersTab.deleteProcess(FiltersTab.java:171)
	at FiltersTab.deleteFilter(FiltersTab.java:121)
	at Tests.testFilterDelete(Tests.java:48)
	at java.base/jdk.internal.reflect.DirectMethodHandleAccessor.invoke(DirectMethodHandleAccessor.java:103)
	at java.base/java.lang.reflect.Method.invoke(Method.java:580)
	at org.testng.internal.invokers.MethodInvocationHelper.invokeMethod(MethodInvocationHelper.java:141)
	at org.testng.internal.invokers.TestInvoker.invokeMethod(TestInvoker.java:686)
	at org.testng.internal.invokers.TestInvoker.invokeTestMethod(TestInvoker.java:230)
	at org.testng.internal.invokers.MethodRunner.runInSequence(MethodRunner.java:63)
	at org.testng.internal.invokers.TestInvoker$MethodInvocationAgent.invoke(TestInvoker.java:992)
	at org.testng.internal.invokers.TestInvoker.invokeTestMethods(TestInvoker.java:203)
	at org.testng.internal.invokers.TestMethodWorker.invokeTestMethods(TestMethodWorker.java:154)
	at org.testng.internal.invokers.TestMethodWorker.run(TestMethodWorker.java:134)
	at java.base/java.util.ArrayList.forEach(ArrayList.java:1596)
	at org.testng.TestRunner.privateRun(TestRunner.java:739)
	at org.testng.TestRunner.run(TestRunner.java:614)
	at org.testng.SuiteRunner.runTest(SuiteRunner.java:421)
	at org.testng.SuiteRunner.runSequentially(SuiteRunner.java:413)
	at org.testng.SuiteRunner.privateRun(SuiteRunner.java:373)
	at org.testng.SuiteRunner.run(SuiteRunner.java:312)
	at org.testng.SuiteRunnerWorker.runSuite(SuiteRunnerWorker.java:52)
	at org.testng.SuiteRunnerWorker.run(SuiteRunnerWorker.java:95)
	at org.testng.TestNG.runSuitesSequentially(TestNG.java:1274)
	at org.testng.TestNG.runSuitesLocally(TestNG.java:1208)
	at org.testng.TestNG.runSuites(TestNG.java:1112)
	at org.testng.TestNG.run(TestNG.java:1079)
	at org.apache.maven.surefire.testng.TestNGExecutor.run(TestNGExecutor.java:308)
	at org.apache.maven.surefire.testng.TestNGXmlTestSuite.execute(TestNGXmlTestSuite.java:71)
	at org.apache.maven.surefire.testng.TestNGProvider.invoke(TestNGProvider.java:113)
	at org.apache.maven.surefire.booter.ForkedBooter.runSuitesInProcess(ForkedBooter.java:385)
	at org.apache.maven.surefire.booter.ForkedBooter.execute(ForkedBooter.java:162)
	at org.apache.maven.surefire.booter.ForkedBooter.run(ForkedBooter.java:507)
	at org.apache.maven.surefire.booter.ForkedBooter.main(ForkedBooter.java:495)
Caused by: org.openqa.selenium.NoSuchElementException: no such element: Unable to locate element: {"method":"xpath","selector":"//div/label[normalize-space(text())='Фильтр удален']"}
  (Session info: chrome=126.0.6478.127)
For documentation on this error, please visit: https://www.selenium.dev/documentation/webdriver/troubleshooting/errors#no-such-element-exception
Build info: version: '4.22.0', revision: 'c5f3146703*'
System info: os.name: 'Windows 11', os.arch: 'amd64', os.version: '10.0', java.version: '21.0.4'
Driver info: org.openqa.selenium.chrome.ChromeDriver
Command: [9a05e69758f50e0d8dc0099250add30a, findElement {value=//div/label[normalize-space(text())='Фильтр удален'], using=xpath}]
Capabilities {acceptInsecureCerts: true, browserName: chrome, browserVersion: 126.0.6478.127, chrome: {chromedriverVersion: 126.0.6478.182 (5b5d8292ddf..., userDataDir: C:\Users\sadouski\AppData\L...}, fedcm:accounts: true, goog:chromeOptions: {debuggerAddress: localhost:57599}, networkConnectionEnabled: false, pageLoadStrategy: normal, platformName: windows, proxy: Proxy(), se:cdp: ws://localhost:57599/devtoo..., se:cdpVersion: 126.0.6478.127, setWindowRect: true, strictFileInteractability: false, timeouts: {implicit: 0, pageLoad: 300000, script: 30000}, unhandledPromptBehavior: accept, webauthn:extension:credBlob: true, webauthn:extension:largeBlob: true, webauthn:extension:minPinLength: true, webauthn:extension:prf: true, webauthn:virtualAuthenticators: true}
Session ID: 9a05e69758f50e0d8dc0099250add30a
	at java.base/jdk.internal.reflect.DirectConstructorHandleAccessor.newInstance(DirectConstructorHandleAccessor.java:62)
	at java.base/java.lang.reflect.Constructor.newInstanceWithCaller(Constructor.java:502)
	at java.base/java.lang.reflect.Constructor.newInstance(Constructor.java:486)
	at org.openqa.selenium.remote.ErrorCodec.decode(ErrorCodec.java:167)
	at org.openqa.selenium.remote.codec.w3c.W3CHttpResponseCodec.decode(W3CHttpResponseCodec.java:138)
	at org.openqa.selenium.remote.codec.w3c.W3CHttpResponseCodec.decode(W3CHttpResponseCodec.java:50)
	at org.openqa.selenium.remote.HttpCommandExecutor.execute(HttpCommandExecutor.java:190)
	at org.openqa.selenium.remote.service.DriverCommandExecutor.invokeExecute(DriverCommandExecutor.java:216)
	at org.openqa.selenium.remote.service.DriverCommandExecutor.execute(DriverCommandExecutor.java:174)
	at org.openqa.selenium.remote.RemoteWebDriver.execute(RemoteWebDriver.java:518)
	at org.openqa.selenium.remote.ElementLocation$ElementFinder$2.findElement(ElementLocation.java:165)
	at org.openqa.selenium.remote.ElementLocation.findElement(ElementLocation.java:59)
	at org.openqa.selenium.remote.RemoteWebDriver.findElement(RemoteWebDriver.java:355)
	at org.openqa.selenium.remote.RemoteWebDriver.findElement(RemoteWebDriver.java:349)
	at com.codeborne.selenide.impl.WebElementSelector.findElement(WebElementSelector.java:73)
	at com.codeborne.selenide.impl.WebElementSelector.findElement(WebElementSelector.java:46)
	at com.codeborne.selenide.impl.WebElementSelector.findElement(WebElementSelector.java:35)
	at com.codeborne.selenide.impl.ElementFinder.getWebElement(ElementFinder.java:122)
	at com.codeborne.selenide.impl.WebElementSource.checkConditionAndReturnElement(WebElementSource.java:115)
	... 40 more
]]></failure>
  </testcase>
  <testcase name="testFilterEdit" classname="Tests" time="1.405"/>
  <testcase name="testScenarioCreate" classname="Tests" time="5.593">
    <failure message="Element not found {By.xpath: //div/label[normalize-space(text())=&apos;Сценарий добавлен&apos;]}&#10;Expected: visible&#10;Screenshot: file:/C:/Users/sadouski/Documents/IdeaProjects/AqaPhobos/build/reports/tests/1721251337977.8.png&#10;Page source: file:/C:/Users/sadouski/Documents/IdeaProjects/AqaPhobos/build/reports/tests/1721251337977.8.html&#10;Timeout: 5 s.&#10;Caused by: NoSuchElementException: no such element: Unable to locate element: {&quot;method&quot;:&quot;xpath&quot;,&quot;selector&quot;:&quot;//div/label[normalize-space(text())=&apos;Сценарий добавлен&apos;]&quot;}" type="Element not found {By.xpath"><![CDATA[Element not found {By.xpath: //div/label[normalize-space(text())='Сценарий добавлен']}
Expected: visible
Screenshot: file:/C:/Users/sadouski/Documents/IdeaProjects/AqaPhobos/build/reports/tests/1721251337977.8.png
Page source: file:/C:/Users/sadouski/Documents/IdeaProjects/AqaPhobos/build/reports/tests/1721251337977.8.html
Timeout: 5 s.
Caused by: NoSuchElementException: no such element: Unable to locate element: {"method":"xpath","selector":"//div/label[normalize-space(text())='Сценарий добавлен']"}
	at com.codeborne.selenide.impl.WebElementSource.createElementNotFoundError(WebElementSource.java:90)
	at com.codeborne.selenide.impl.ElementFinder.createElementNotFoundError(ElementFinder.java:142)
	at com.codeborne.selenide.impl.WebElementSource.handleError(WebElementSource.java:142)
	at com.codeborne.selenide.impl.WebElementSource.checkConditionAndReturnElement(WebElementSource.java:126)
	at com.codeborne.selenide.impl.WebElementSource.checkCondition(WebElementSource.java:103)
	at com.codeborne.selenide.commands.Should.execute(Should.java:30)
	at com.codeborne.selenide.commands.Should.execute(Should.java:14)
	at com.codeborne.selenide.commands.Commands.execute(Commands.java:162)
	at com.codeborne.selenide.impl.SelenideElementProxy.dispatchAndRetry(SelenideElementProxy.java:134)
	at com.codeborne.selenide.impl.SelenideElementProxy.invoke(SelenideElementProxy.java:86)
	at jdk.proxy2/jdk.proxy2.$Proxy10.shouldBe(Unknown Source)
	at ScenarioTab.createScenario(ScenarioTab.java:78)
	at Tests.testScenarioCreate(Tests.java:104)
	at java.base/jdk.internal.reflect.DirectMethodHandleAccessor.invoke(DirectMethodHandleAccessor.java:103)
	at java.base/java.lang.reflect.Method.invoke(Method.java:580)
	at org.testng.internal.invokers.MethodInvocationHelper.invokeMethod(MethodInvocationHelper.java:141)
	at org.testng.internal.invokers.TestInvoker.invokeMethod(TestInvoker.java:686)
	at org.testng.internal.invokers.TestInvoker.invokeTestMethod(TestInvoker.java:230)
	at org.testng.internal.invokers.MethodRunner.runInSequence(MethodRunner.java:63)
	at org.testng.internal.invokers.TestInvoker$MethodInvocationAgent.invoke(TestInvoker.java:992)
	at org.testng.internal.invokers.TestInvoker.invokeTestMethods(TestInvoker.java:203)
	at org.testng.internal.invokers.TestMethodWorker.invokeTestMethods(TestMethodWorker.java:154)
	at org.testng.internal.invokers.TestMethodWorker.run(TestMethodWorker.java:134)
	at java.base/java.util.ArrayList.forEach(ArrayList.java:1596)
	at org.testng.TestRunner.privateRun(TestRunner.java:739)
	at org.testng.TestRunner.run(TestRunner.java:614)
	at org.testng.SuiteRunner.runTest(SuiteRunner.java:421)
	at org.testng.SuiteRunner.runSequentially(SuiteRunner.java:413)
	at org.testng.SuiteRunner.privateRun(SuiteRunner.java:373)
	at org.testng.SuiteRunner.run(SuiteRunner.java:312)
	at org.testng.SuiteRunnerWorker.runSuite(SuiteRunnerWorker.java:52)
	at org.testng.SuiteRunnerWorker.run(SuiteRunnerWorker.java:95)
	at org.testng.TestNG.runSuitesSequentially(TestNG.java:1274)
	at org.testng.TestNG.runSuitesLocally(TestNG.java:1208)
	at org.testng.TestNG.runSuites(TestNG.java:1112)
	at org.testng.TestNG.run(TestNG.java:1079)
	at org.apache.maven.surefire.testng.TestNGExecutor.run(TestNGExecutor.java:308)
	at org.apache.maven.surefire.testng.TestNGXmlTestSuite.execute(TestNGXmlTestSuite.java:71)
	at org.apache.maven.surefire.testng.TestNGProvider.invoke(TestNGProvider.java:113)
	at org.apache.maven.surefire.booter.ForkedBooter.runSuitesInProcess(ForkedBooter.java:385)
	at org.apache.maven.surefire.booter.ForkedBooter.execute(ForkedBooter.java:162)
	at org.apache.maven.surefire.booter.ForkedBooter.run(ForkedBooter.java:507)
	at org.apache.maven.surefire.booter.ForkedBooter.main(ForkedBooter.java:495)
Caused by: org.openqa.selenium.NoSuchElementException: no such element: Unable to locate element: {"method":"xpath","selector":"//div/label[normalize-space(text())='Сценарий добавлен']"}
  (Session info: chrome=126.0.6478.127)
For documentation on this error, please visit: https://www.selenium.dev/documentation/webdriver/troubleshooting/errors#no-such-element-exception
Build info: version: '4.22.0', revision: 'c5f3146703*'
System info: os.name: 'Windows 11', os.arch: 'amd64', os.version: '10.0', java.version: '21.0.4'
Driver info: org.openqa.selenium.chrome.ChromeDriver
Command: [9a05e69758f50e0d8dc0099250add30a, findElement {value=//div/label[normalize-space(text())='Сценарий добавлен'], using=xpath}]
Capabilities {acceptInsecureCerts: true, browserName: chrome, browserVersion: 126.0.6478.127, chrome: {chromedriverVersion: 126.0.6478.182 (5b5d8292ddf..., userDataDir: C:\Users\sadouski\AppData\L...}, fedcm:accounts: true, goog:chromeOptions: {debuggerAddress: localhost:57599}, networkConnectionEnabled: false, pageLoadStrategy: normal, platformName: windows, proxy: Proxy(), se:cdp: ws://localhost:57599/devtoo..., se:cdpVersion: 126.0.6478.127, setWindowRect: true, strictFileInteractability: false, timeouts: {implicit: 0, pageLoad: 300000, script: 30000}, unhandledPromptBehavior: accept, webauthn:extension:credBlob: true, webauthn:extension:largeBlob: true, webauthn:extension:minPinLength: true, webauthn:extension:prf: true, webauthn:virtualAuthenticators: true}
Session ID: 9a05e69758f50e0d8dc0099250add30a
	at java.base/jdk.internal.reflect.DirectConstructorHandleAccessor.newInstance(DirectConstructorHandleAccessor.java:62)
	at java.base/java.lang.reflect.Constructor.newInstanceWithCaller(Constructor.java:502)
	at java.base/java.lang.reflect.Constructor.newInstance(Constructor.java:486)
	at org.openqa.selenium.remote.ErrorCodec.decode(ErrorCodec.java:167)
	at org.openqa.selenium.remote.codec.w3c.W3CHttpResponseCodec.decode(W3CHttpResponseCodec.java:138)
	at org.openqa.selenium.remote.codec.w3c.W3CHttpResponseCodec.decode(W3CHttpResponseCodec.java:50)
	at org.openqa.selenium.remote.HttpCommandExecutor.execute(HttpCommandExecutor.java:190)
	at org.openqa.selenium.remote.service.DriverCommandExecutor.invokeExecute(DriverCommandExecutor.java:216)
	at org.openqa.selenium.remote.service.DriverCommandExecutor.execute(DriverCommandExecutor.java:174)
	at org.openqa.selenium.remote.RemoteWebDriver.execute(RemoteWebDriver.java:518)
	at org.openqa.selenium.remote.ElementLocation$ElementFinder$2.findElement(ElementLocation.java:165)
	at org.openqa.selenium.remote.ElementLocation.findElement(ElementLocation.java:59)
	at org.openqa.selenium.remote.RemoteWebDriver.findElement(RemoteWebDriver.java:355)
	at org.openqa.selenium.remote.RemoteWebDriver.findElement(RemoteWebDriver.java:349)
	at com.codeborne.selenide.impl.WebElementSelector.findElement(WebElementSelector.java:73)
	at com.codeborne.selenide.impl.WebElementSelector.findElement(WebElementSelector.java:46)
	at com.codeborne.selenide.impl.WebElementSelector.findElement(WebElementSelector.java:35)
	at com.codeborne.selenide.impl.ElementFinder.getWebElement(ElementFinder.java:122)
	at com.codeborne.selenide.impl.WebElementSource.checkConditionAndReturnElement(WebElementSource.java:115)
	... 39 more
]]></failure>
    <system-out><![CDATA[Сценария с таким же названием нет
]]></system-out>
  </testcase>
  <testcase name="testScenarioDelete" classname="Tests" time="4.996">
    <failure message="Invalid element state [By.xpath: //a[contains(text(), &apos;Scenario_test&apos;)]/../../td[9]/app-icon]: element click intercepted: Element &lt;app-icon _ngcontent-ng-c929870496=&quot;&quot; _nghost-ng-c3843224795=&quot;&quot;&gt;...&lt;/app-icon&gt; is not clickable at point (1308, 235). Other element would receive the click: &lt;app-overlay _nghost-ng-c1671121884=&quot;&quot; class=&quot;center&quot;&gt;...&lt;/app-overlay&gt;&#10;Screenshot: file:/C:/Users/sadouski/Documents/IdeaProjects/AqaPhobos/build/reports/tests/1721251342979.9.png&#10;Page source: file:/C:/Users/sadouski/Documents/IdeaProjects/AqaPhobos/build/reports/tests/1721251342979.9.html&#10;Timeout: 4 s.&#10;Caused by: ElementClickInterceptedException: element click intercepted: Element &lt;app-icon _ngcontent-ng-c929870496=&quot;&quot; _nghost-ng-c3843224795=&quot;&quot;&gt;...&lt;/app-icon&gt; is not clickable at point (1308, 235). Other element would receive the click: &lt;app-overlay _nghost-ng-c1671121884=&quot;&quot; class=&quot;center&quot;&gt;...&lt;/app-overlay&gt;" type="Invalid element state [By.xpath"><![CDATA[Invalid element state [By.xpath: //a[contains(text(), 'Scenario_test')]/../../td[9]/app-icon]: element click intercepted: Element <app-icon _ngcontent-ng-c929870496="" _nghost-ng-c3843224795="">...</app-icon> is not clickable at point (1308, 235). Other element would receive the click: <app-overlay _nghost-ng-c1671121884="" class="center">...</app-overlay>
Screenshot: file:/C:/Users/sadouski/Documents/IdeaProjects/AqaPhobos/build/reports/tests/1721251342979.9.png
Page source: file:/C:/Users/sadouski/Documents/IdeaProjects/AqaPhobos/build/reports/tests/1721251342979.9.html
Timeout: 4 s.
Caused by: ElementClickInterceptedException: element click intercepted: Element <app-icon _ngcontent-ng-c929870496="" _nghost-ng-c3843224795="">...</app-icon> is not clickable at point (1308, 235). Other element would receive the click: <app-overlay _nghost-ng-c1671121884="" class="center">...</app-overlay>
	at com.codeborne.selenide.impl.ExceptionWrapper.wrap(ExceptionWrapper.java:26)
	at com.codeborne.selenide.impl.SelenideElementProxy.dispatchAndRetry(SelenideElementProxy.java:156)
	at com.codeborne.selenide.impl.SelenideElementProxy.invoke(SelenideElementProxy.java:86)
	at jdk.proxy2/jdk.proxy2.$Proxy10.click(Unknown Source)
	at ScenarioTab.deleteProcess(ScenarioTab.java:197)
	at ScenarioTab.deleteScenario(ScenarioTab.java:124)
	at Tests.testScenarioDelete(Tests.java:86)
	at java.base/jdk.internal.reflect.DirectMethodHandleAccessor.invoke(DirectMethodHandleAccessor.java:103)
	at java.base/java.lang.reflect.Method.invoke(Method.java:580)
	at org.testng.internal.invokers.MethodInvocationHelper.invokeMethod(MethodInvocationHelper.java:141)
	at org.testng.internal.invokers.TestInvoker.invokeMethod(TestInvoker.java:686)
	at org.testng.internal.invokers.TestInvoker.invokeTestMethod(TestInvoker.java:230)
	at org.testng.internal.invokers.MethodRunner.runInSequence(MethodRunner.java:63)
	at org.testng.internal.invokers.TestInvoker$MethodInvocationAgent.invoke(TestInvoker.java:992)
	at org.testng.internal.invokers.TestInvoker.invokeTestMethods(TestInvoker.java:203)
	at org.testng.internal.invokers.TestMethodWorker.invokeTestMethods(TestMethodWorker.java:154)
	at org.testng.internal.invokers.TestMethodWorker.run(TestMethodWorker.java:134)
	at java.base/java.util.ArrayList.forEach(ArrayList.java:1596)
	at org.testng.TestRunner.privateRun(TestRunner.java:739)
	at org.testng.TestRunner.run(TestRunner.java:614)
	at org.testng.SuiteRunner.runTest(SuiteRunner.java:421)
	at org.testng.SuiteRunner.runSequentially(SuiteRunner.java:413)
	at org.testng.SuiteRunner.privateRun(SuiteRunner.java:373)
	at org.testng.SuiteRunner.run(SuiteRunner.java:312)
	at org.testng.SuiteRunnerWorker.runSuite(SuiteRunnerWorker.java:52)
	at org.testng.SuiteRunnerWorker.run(SuiteRunnerWorker.java:95)
	at org.testng.TestNG.runSuitesSequentially(TestNG.java:1274)
	at org.testng.TestNG.runSuitesLocally(TestNG.java:1208)
	at org.testng.TestNG.runSuites(TestNG.java:1112)
	at org.testng.TestNG.run(TestNG.java:1079)
	at org.apache.maven.surefire.testng.TestNGExecutor.run(TestNGExecutor.java:308)
	at org.apache.maven.surefire.testng.TestNGXmlTestSuite.execute(TestNGXmlTestSuite.java:71)
	at org.apache.maven.surefire.testng.TestNGProvider.invoke(TestNGProvider.java:113)
	at org.apache.maven.surefire.booter.ForkedBooter.runSuitesInProcess(ForkedBooter.java:385)
	at org.apache.maven.surefire.booter.ForkedBooter.execute(ForkedBooter.java:162)
	at org.apache.maven.surefire.booter.ForkedBooter.run(ForkedBooter.java:507)
	at org.apache.maven.surefire.booter.ForkedBooter.main(ForkedBooter.java:495)
Caused by: org.openqa.selenium.ElementClickInterceptedException: element click intercepted: Element <app-icon _ngcontent-ng-c929870496="" _nghost-ng-c3843224795="">...</app-icon> is not clickable at point (1308, 235). Other element would receive the click: <app-overlay _nghost-ng-c1671121884="" class="center">...</app-overlay>
  (Session info: chrome=126.0.6478.127)
Build info: version: '4.22.0', revision: 'c5f3146703*'
System info: os.name: 'Windows 11', os.arch: 'amd64', os.version: '10.0', java.version: '21.0.4'
Driver info: org.openqa.selenium.chrome.ChromeDriver
Command: [9a05e69758f50e0d8dc0099250add30a, clickElement {id=f.3A25C01D05B6C24CB64B124D9C9629E2.d.1E76AA97917F8000B687AAF58BF89262.e.555}]
Capabilities {acceptInsecureCerts: true, browserName: chrome, browserVersion: 126.0.6478.127, chrome: {chromedriverVersion: 126.0.6478.182 (5b5d8292ddf..., userDataDir: C:\Users\sadouski\AppData\L...}, fedcm:accounts: true, goog:chromeOptions: {debuggerAddress: localhost:57599}, networkConnectionEnabled: false, pageLoadStrategy: normal, platformName: windows, proxy: Proxy(), se:cdp: ws://localhost:57599/devtoo..., se:cdpVersion: 126.0.6478.127, setWindowRect: true, strictFileInteractability: false, timeouts: {implicit: 0, pageLoad: 300000, script: 30000}, unhandledPromptBehavior: accept, webauthn:extension:credBlob: true, webauthn:extension:largeBlob: true, webauthn:extension:minPinLength: true, webauthn:extension:prf: true, webauthn:virtualAuthenticators: true}
Element: [[ChromeDriver: chrome on windows (9a05e69758f50e0d8dc0099250add30a)] -> xpath: //a[contains(text(), 'Scenario_test')]/../../td[9]/app-icon]
Session ID: 9a05e69758f50e0d8dc0099250add30a
	at java.base/jdk.internal.reflect.DirectConstructorHandleAccessor.newInstance(DirectConstructorHandleAccessor.java:62)
	at java.base/java.lang.reflect.Constructor.newInstanceWithCaller(Constructor.java:502)
	at java.base/java.lang.reflect.Constructor.newInstance(Constructor.java:486)
	at org.openqa.selenium.remote.ErrorCodec.decode(ErrorCodec.java:167)
	at org.openqa.selenium.remote.codec.w3c.W3CHttpResponseCodec.decode(W3CHttpResponseCodec.java:138)
	at org.openqa.selenium.remote.codec.w3c.W3CHttpResponseCodec.decode(W3CHttpResponseCodec.java:50)
	at org.openqa.selenium.remote.HttpCommandExecutor.execute(HttpCommandExecutor.java:190)
	at org.openqa.selenium.remote.service.DriverCommandExecutor.invokeExecute(DriverCommandExecutor.java:216)
	at org.openqa.selenium.remote.service.DriverCommandExecutor.execute(DriverCommandExecutor.java:174)
	at org.openqa.selenium.remote.RemoteWebDriver.execute(RemoteWebDriver.java:518)
	at org.openqa.selenium.remote.RemoteWebElement.execute(RemoteWebElement.java:223)
	at org.openqa.selenium.remote.RemoteWebElement.click(RemoteWebElement.java:76)
	at com.codeborne.selenide.commands.Click.defaultClick(Click.java:106)
	at com.codeborne.selenide.commands.Click.doClick(Click.java:83)
	at com.codeborne.selenide.commands.Click.click(Click.java:59)
	at com.codeborne.selenide.commands.Click.execute(Click.java:34)
	at com.codeborne.selenide.commands.Click.execute(Click.java:26)
	at com.codeborne.selenide.commands.Commands.execute(Commands.java:162)
	at com.codeborne.selenide.impl.SelenideElementProxy.dispatchAndRetry(SelenideElementProxy.java:134)
	... 35 more
]]></failure>
  </testcase>
  <testcase name="testScenarioEdit" classname="Tests" time="4.987">
    <failure message="Invalid element state [By.xpath: //a[contains(text(), &apos;Scenario_test&apos;)]/../../td[9]/app-icon]: element click intercepted: Element &lt;app-icon _ngcontent-ng-c929870496=&quot;&quot; _nghost-ng-c3843224795=&quot;&quot;&gt;...&lt;/app-icon&gt; is not clickable at point (1308, 235). Other element would receive the click: &lt;app-overlay _nghost-ng-c1671121884=&quot;&quot; class=&quot;center&quot;&gt;...&lt;/app-overlay&gt;&#10;Screenshot: file:/C:/Users/sadouski/Documents/IdeaProjects/AqaPhobos/build/reports/tests/1721251347964.10.png&#10;Page source: file:/C:/Users/sadouski/Documents/IdeaProjects/AqaPhobos/build/reports/tests/1721251347964.10.html&#10;Timeout: 4 s.&#10;Caused by: ElementClickInterceptedException: element click intercepted: Element &lt;app-icon _ngcontent-ng-c929870496=&quot;&quot; _nghost-ng-c3843224795=&quot;&quot;&gt;...&lt;/app-icon&gt; is not clickable at point (1308, 235). Other element would receive the click: &lt;app-overlay _nghost-ng-c1671121884=&quot;&quot; class=&quot;center&quot;&gt;...&lt;/app-overlay&gt;" type="Invalid element state [By.xpath"><![CDATA[Invalid element state [By.xpath: //a[contains(text(), 'Scenario_test')]/../../td[9]/app-icon]: element click intercepted: Element <app-icon _ngcontent-ng-c929870496="" _nghost-ng-c3843224795="">...</app-icon> is not clickable at point (1308, 235). Other element would receive the click: <app-overlay _nghost-ng-c1671121884="" class="center">...</app-overlay>
Screenshot: file:/C:/Users/sadouski/Documents/IdeaProjects/AqaPhobos/build/reports/tests/1721251347964.10.png
Page source: file:/C:/Users/sadouski/Documents/IdeaProjects/AqaPhobos/build/reports/tests/1721251347964.10.html
Timeout: 4 s.
Caused by: ElementClickInterceptedException: element click intercepted: Element <app-icon _ngcontent-ng-c929870496="" _nghost-ng-c3843224795="">...</app-icon> is not clickable at point (1308, 235). Other element would receive the click: <app-overlay _nghost-ng-c1671121884="" class="center">...</app-overlay>
	at com.codeborne.selenide.impl.ExceptionWrapper.wrap(ExceptionWrapper.java:26)
	at com.codeborne.selenide.impl.SelenideElementProxy.dispatchAndRetry(SelenideElementProxy.java:156)
	at com.codeborne.selenide.impl.SelenideElementProxy.invoke(SelenideElementProxy.java:86)
	at jdk.proxy2/jdk.proxy2.$Proxy10.click(Unknown Source)
	at ScenarioTab.editProcess(ScenarioTab.java:179)
	at ScenarioTab.editScenario(ScenarioTab.java:163)
	at Tests.testScenarioEdit(Tests.java:95)
	at java.base/jdk.internal.reflect.DirectMethodHandleAccessor.invoke(DirectMethodHandleAccessor.java:103)
	at java.base/java.lang.reflect.Method.invoke(Method.java:580)
	at org.testng.internal.invokers.MethodInvocationHelper.invokeMethod(MethodInvocationHelper.java:141)
	at org.testng.internal.invokers.TestInvoker.invokeMethod(TestInvoker.java:686)
	at org.testng.internal.invokers.TestInvoker.invokeTestMethod(TestInvoker.java:230)
	at org.testng.internal.invokers.MethodRunner.runInSequence(MethodRunner.java:63)
	at org.testng.internal.invokers.TestInvoker$MethodInvocationAgent.invoke(TestInvoker.java:992)
	at org.testng.internal.invokers.TestInvoker.invokeTestMethods(TestInvoker.java:203)
	at org.testng.internal.invokers.TestMethodWorker.invokeTestMethods(TestMethodWorker.java:154)
	at org.testng.internal.invokers.TestMethodWorker.run(TestMethodWorker.java:134)
	at java.base/java.util.ArrayList.forEach(ArrayList.java:1596)
	at org.testng.TestRunner.privateRun(TestRunner.java:739)
	at org.testng.TestRunner.run(TestRunner.java:614)
	at org.testng.SuiteRunner.runTest(SuiteRunner.java:421)
	at org.testng.SuiteRunner.runSequentially(SuiteRunner.java:413)
	at org.testng.SuiteRunner.privateRun(SuiteRunner.java:373)
	at org.testng.SuiteRunner.run(SuiteRunner.java:312)
	at org.testng.SuiteRunnerWorker.runSuite(SuiteRunnerWorker.java:52)
	at org.testng.SuiteRunnerWorker.run(SuiteRunnerWorker.java:95)
	at org.testng.TestNG.runSuitesSequentially(TestNG.java:1274)
	at org.testng.TestNG.runSuitesLocally(TestNG.java:1208)
	at org.testng.TestNG.runSuites(TestNG.java:1112)
	at org.testng.TestNG.run(TestNG.java:1079)
	at org.apache.maven.surefire.testng.TestNGExecutor.run(TestNGExecutor.java:308)
	at org.apache.maven.surefire.testng.TestNGXmlTestSuite.execute(TestNGXmlTestSuite.java:71)
	at org.apache.maven.surefire.testng.TestNGProvider.invoke(TestNGProvider.java:113)
	at org.apache.maven.surefire.booter.ForkedBooter.runSuitesInProcess(ForkedBooter.java:385)
	at org.apache.maven.surefire.booter.ForkedBooter.execute(ForkedBooter.java:162)
	at org.apache.maven.surefire.booter.ForkedBooter.run(ForkedBooter.java:507)
	at org.apache.maven.surefire.booter.ForkedBooter.main(ForkedBooter.java:495)
Caused by: org.openqa.selenium.ElementClickInterceptedException: element click intercepted: Element <app-icon _ngcontent-ng-c929870496="" _nghost-ng-c3843224795="">...</app-icon> is not clickable at point (1308, 235). Other element would receive the click: <app-overlay _nghost-ng-c1671121884="" class="center">...</app-overlay>
  (Session info: chrome=126.0.6478.127)
Build info: version: '4.22.0', revision: 'c5f3146703*'
System info: os.name: 'Windows 11', os.arch: 'amd64', os.version: '10.0', java.version: '21.0.4'
Driver info: org.openqa.selenium.chrome.ChromeDriver
Command: [9a05e69758f50e0d8dc0099250add30a, clickElement {id=f.3A25C01D05B6C24CB64B124D9C9629E2.d.1E76AA97917F8000B687AAF58BF89262.e.555}]
Capabilities {acceptInsecureCerts: true, browserName: chrome, browserVersion: 126.0.6478.127, chrome: {chromedriverVersion: 126.0.6478.182 (5b5d8292ddf..., userDataDir: C:\Users\sadouski\AppData\L...}, fedcm:accounts: true, goog:chromeOptions: {debuggerAddress: localhost:57599}, networkConnectionEnabled: false, pageLoadStrategy: normal, platformName: windows, proxy: Proxy(), se:cdp: ws://localhost:57599/devtoo..., se:cdpVersion: 126.0.6478.127, setWindowRect: true, strictFileInteractability: false, timeouts: {implicit: 0, pageLoad: 300000, script: 30000}, unhandledPromptBehavior: accept, webauthn:extension:credBlob: true, webauthn:extension:largeBlob: true, webauthn:extension:minPinLength: true, webauthn:extension:prf: true, webauthn:virtualAuthenticators: true}
Element: [[ChromeDriver: chrome on windows (9a05e69758f50e0d8dc0099250add30a)] -> xpath: //a[contains(text(), 'Scenario_test')]/../../td[9]/app-icon]
Session ID: 9a05e69758f50e0d8dc0099250add30a
	at java.base/jdk.internal.reflect.DirectConstructorHandleAccessor.newInstance(DirectConstructorHandleAccessor.java:62)
	at java.base/java.lang.reflect.Constructor.newInstanceWithCaller(Constructor.java:502)
	at java.base/java.lang.reflect.Constructor.newInstance(Constructor.java:486)
	at org.openqa.selenium.remote.ErrorCodec.decode(ErrorCodec.java:167)
	at org.openqa.selenium.remote.codec.w3c.W3CHttpResponseCodec.decode(W3CHttpResponseCodec.java:138)
	at org.openqa.selenium.remote.codec.w3c.W3CHttpResponseCodec.decode(W3CHttpResponseCodec.java:50)
	at org.openqa.selenium.remote.HttpCommandExecutor.execute(HttpCommandExecutor.java:190)
	at org.openqa.selenium.remote.service.DriverCommandExecutor.invokeExecute(DriverCommandExecutor.java:216)
	at org.openqa.selenium.remote.service.DriverCommandExecutor.execute(DriverCommandExecutor.java:174)
	at org.openqa.selenium.remote.RemoteWebDriver.execute(RemoteWebDriver.java:518)
	at org.openqa.selenium.remote.RemoteWebElement.execute(RemoteWebElement.java:223)
	at org.openqa.selenium.remote.RemoteWebElement.click(RemoteWebElement.java:76)
	at com.codeborne.selenide.commands.Click.defaultClick(Click.java:106)
	at com.codeborne.selenide.commands.Click.doClick(Click.java:83)
	at com.codeborne.selenide.commands.Click.click(Click.java:59)
	at com.codeborne.selenide.commands.Click.execute(Click.java:34)
	at com.codeborne.selenide.commands.Click.execute(Click.java:26)
	at com.codeborne.selenide.commands.Commands.execute(Commands.java:162)
	at com.codeborne.selenide.impl.SelenideElementProxy.dispatchAndRetry(SelenideElementProxy.java:134)
	... 35 more
]]></failure>
  </testcase>
  <testcase name="testScenarioFilterScanario" classname="Tests" time="1.133">
    <failure message="Invalid element state [By.xpath: //div/app-text-box[contains(@placeholder, &apos;Поиск&apos;)]/following-sibling::app-icon[text()=&apos;help&apos;]]: element click intercepted: Element &lt;app-icon _ngcontent-ng-c2993090274=&quot;&quot; _nghost-ng-c3843224795=&quot;&quot;&gt;...&lt;/app-icon&gt; is not clickable at point (247, 136). Other element would receive the click: &lt;app-overlay _nghost-ng-c1671121884=&quot;&quot; class=&quot;center&quot;&gt;...&lt;/app-overlay&gt;&#10;Screenshot: file:/C:/Users/sadouski/Documents/IdeaProjects/AqaPhobos/build/reports/tests/1721251349121.11.png&#10;Page source: file:/C:/Users/sadouski/Documents/IdeaProjects/AqaPhobos/build/reports/tests/1721251349121.11.html&#10;Timeout: 100 ms.&#10;Caused by: ElementClickInterceptedException: element click intercepted: Element &lt;app-icon _ngcontent-ng-c2993090274=&quot;&quot; _nghost-ng-c3843224795=&quot;&quot;&gt;...&lt;/app-icon&gt; is not clickable at point (247, 136). Other element would receive the click: &lt;app-overlay _nghost-ng-c1671121884=&quot;&quot; class=&quot;center&quot;&gt;...&lt;/app-overlay&gt;" type="Invalid element state [By.xpath"><![CDATA[Invalid element state [By.xpath: //div/app-text-box[contains(@placeholder, 'Поиск')]/following-sibling::app-icon[text()='help']]: element click intercepted: Element <app-icon _ngcontent-ng-c2993090274="" _nghost-ng-c3843224795="">...</app-icon> is not clickable at point (247, 136). Other element would receive the click: <app-overlay _nghost-ng-c1671121884="" class="center">...</app-overlay>
Screenshot: file:/C:/Users/sadouski/Documents/IdeaProjects/AqaPhobos/build/reports/tests/1721251349121.11.png
Page source: file:/C:/Users/sadouski/Documents/IdeaProjects/AqaPhobos/build/reports/tests/1721251349121.11.html
Timeout: 100 ms.
Caused by: ElementClickInterceptedException: element click intercepted: Element <app-icon _ngcontent-ng-c2993090274="" _nghost-ng-c3843224795="">...</app-icon> is not clickable at point (247, 136). Other element would receive the click: <app-overlay _nghost-ng-c1671121884="" class="center">...</app-overlay>
	at com.codeborne.selenide.impl.ExceptionWrapper.wrap(ExceptionWrapper.java:26)
	at com.codeborne.selenide.impl.SelenideElementProxy.dispatchAndRetry(SelenideElementProxy.java:156)
	at com.codeborne.selenide.impl.SelenideElementProxy.invoke(SelenideElementProxy.java:86)
	at jdk.proxy2/jdk.proxy2.$Proxy10.click(Unknown Source)
	at SearchFilter.checkAvailableAttributes(SearchFilter.java:80)
	at SearchFilter.numberOfColumn(SearchFilter.java:59)
	at SearchFilter.searchFilter(SearchFilter.java:26)
	at Tests.testScenarioFilterScanario(Tests.java:112)
	at java.base/jdk.internal.reflect.DirectMethodHandleAccessor.invoke(DirectMethodHandleAccessor.java:103)
	at java.base/java.lang.reflect.Method.invoke(Method.java:580)
	at org.testng.internal.invokers.MethodInvocationHelper.invokeMethod(MethodInvocationHelper.java:141)
	at org.testng.internal.invokers.TestInvoker.invokeMethod(TestInvoker.java:686)
	at org.testng.internal.invokers.TestInvoker.invokeTestMethod(TestInvoker.java:230)
	at org.testng.internal.invokers.MethodRunner.runInSequence(MethodRunner.java:63)
	at org.testng.internal.invokers.TestInvoker$MethodInvocationAgent.invoke(TestInvoker.java:992)
	at org.testng.internal.invokers.TestInvoker.invokeTestMethods(TestInvoker.java:203)
	at org.testng.internal.invokers.TestMethodWorker.invokeTestMethods(TestMethodWorker.java:154)
	at org.testng.internal.invokers.TestMethodWorker.run(TestMethodWorker.java:134)
	at java.base/java.util.ArrayList.forEach(ArrayList.java:1596)
	at org.testng.TestRunner.privateRun(TestRunner.java:739)
	at org.testng.TestRunner.run(TestRunner.java:614)
	at org.testng.SuiteRunner.runTest(SuiteRunner.java:421)
	at org.testng.SuiteRunner.runSequentially(SuiteRunner.java:413)
	at org.testng.SuiteRunner.privateRun(SuiteRunner.java:373)
	at org.testng.SuiteRunner.run(SuiteRunner.java:312)
	at org.testng.SuiteRunnerWorker.runSuite(SuiteRunnerWorker.java:52)
	at org.testng.SuiteRunnerWorker.run(SuiteRunnerWorker.java:95)
	at org.testng.TestNG.runSuitesSequentially(TestNG.java:1274)
	at org.testng.TestNG.runSuitesLocally(TestNG.java:1208)
	at org.testng.TestNG.runSuites(TestNG.java:1112)
	at org.testng.TestNG.run(TestNG.java:1079)
	at org.apache.maven.surefire.testng.TestNGExecutor.run(TestNGExecutor.java:308)
	at org.apache.maven.surefire.testng.TestNGXmlTestSuite.execute(TestNGXmlTestSuite.java:71)
	at org.apache.maven.surefire.testng.TestNGProvider.invoke(TestNGProvider.java:113)
	at org.apache.maven.surefire.booter.ForkedBooter.runSuitesInProcess(ForkedBooter.java:385)
	at org.apache.maven.surefire.booter.ForkedBooter.execute(ForkedBooter.java:162)
	at org.apache.maven.surefire.booter.ForkedBooter.run(ForkedBooter.java:507)
	at org.apache.maven.surefire.booter.ForkedBooter.main(ForkedBooter.java:495)
Caused by: org.openqa.selenium.ElementClickInterceptedException: element click intercepted: Element <app-icon _ngcontent-ng-c2993090274="" _nghost-ng-c3843224795="">...</app-icon> is not clickable at point (247, 136). Other element would receive the click: <app-overlay _nghost-ng-c1671121884="" class="center">...</app-overlay>
  (Session info: chrome=126.0.6478.127)
Build info: version: '4.22.0', revision: 'c5f3146703*'
System info: os.name: 'Windows 11', os.arch: 'amd64', os.version: '10.0', java.version: '21.0.4'
Driver info: org.openqa.selenium.chrome.ChromeDriver
Command: [9a05e69758f50e0d8dc0099250add30a, clickElement {id=f.3A25C01D05B6C24CB64B124D9C9629E2.d.1E76AA97917F8000B687AAF58BF89262.e.556}]
Capabilities {acceptInsecureCerts: true, browserName: chrome, browserVersion: 126.0.6478.127, chrome: {chromedriverVersion: 126.0.6478.182 (5b5d8292ddf..., userDataDir: C:\Users\sadouski\AppData\L...}, fedcm:accounts: true, goog:chromeOptions: {debuggerAddress: localhost:57599}, networkConnectionEnabled: false, pageLoadStrategy: normal, platformName: windows, proxy: Proxy(), se:cdp: ws://localhost:57599/devtoo..., se:cdpVersion: 126.0.6478.127, setWindowRect: true, strictFileInteractability: false, timeouts: {implicit: 0, pageLoad: 300000, script: 30000}, unhandledPromptBehavior: accept, webauthn:extension:credBlob: true, webauthn:extension:largeBlob: true, webauthn:extension:minPinLength: true, webauthn:extension:prf: true, webauthn:virtualAuthenticators: true}
Element: [[ChromeDriver: chrome on windows (9a05e69758f50e0d8dc0099250add30a)] -> xpath: //div/app-text-box[contains(@placeholder, 'Поиск')]/following-sibling::app-icon[text()='help']]
Session ID: 9a05e69758f50e0d8dc0099250add30a
	at java.base/jdk.internal.reflect.DirectConstructorHandleAccessor.newInstance(DirectConstructorHandleAccessor.java:62)
	at java.base/java.lang.reflect.Constructor.newInstanceWithCaller(Constructor.java:502)
	at java.base/java.lang.reflect.Constructor.newInstance(Constructor.java:486)
	at org.openqa.selenium.remote.ErrorCodec.decode(ErrorCodec.java:167)
	at org.openqa.selenium.remote.codec.w3c.W3CHttpResponseCodec.decode(W3CHttpResponseCodec.java:138)
	at org.openqa.selenium.remote.codec.w3c.W3CHttpResponseCodec.decode(W3CHttpResponseCodec.java:50)
	at org.openqa.selenium.remote.HttpCommandExecutor.execute(HttpCommandExecutor.java:190)
	at org.openqa.selenium.remote.service.DriverCommandExecutor.invokeExecute(DriverCommandExecutor.java:216)
	at org.openqa.selenium.remote.service.DriverCommandExecutor.execute(DriverCommandExecutor.java:174)
	at org.openqa.selenium.remote.RemoteWebDriver.execute(RemoteWebDriver.java:518)
	at org.openqa.selenium.remote.RemoteWebElement.execute(RemoteWebElement.java:223)
	at org.openqa.selenium.remote.RemoteWebElement.click(RemoteWebElement.java:76)
	at com.codeborne.selenide.commands.Click.defaultClick(Click.java:106)
	at com.codeborne.selenide.commands.Click.doClick(Click.java:83)
	at com.codeborne.selenide.commands.Click.click(Click.java:59)
	at com.codeborne.selenide.commands.Click.execute(Click.java:34)
	at com.codeborne.selenide.commands.Click.execute(Click.java:26)
	at com.codeborne.selenide.commands.Commands.execute(Commands.java:162)
	at com.codeborne.selenide.impl.SelenideElementProxy.dispatchAndRetry(SelenideElementProxy.java:134)
	... 36 more
]]></failure>
  </testcase>
</testsuite>